Connecting to database specified by database.yml
  [1m[36m (96.9ms)[0m  [1mCREATE TABLE `schema_migrations` (`version` varchar(255) NOT NULL) ENGINE=InnoDB[0m
  [1m[35m (169.5ms)[0m  CREATE UNIQUE INDEX `unique_schema_migrations` ON `schema_migrations` (`version`)
  [1m[36m (0.1ms)[0m  [1mSELECT `schema_migrations`.`version` FROM `schema_migrations` [0m
Migrating to CreateCategories (20120808201238)
  [1m[35m (72.4ms)[0m  CREATE TABLE `categories` (`id` int(11) DEFAULT NULL auto_increment PRIMARY KEY, `name` varchar(255), `created_at` datetime NOT NULL, `updated_at` datetime NOT NULL) ENGINE=InnoDB
  [1m[36m (33.1ms)[0m  [1mINSERT INTO `schema_migrations` (`version`) VALUES ('20120808201238')[0m
Migrating to CreateProducts (20120808201301)
  [1m[35m (0.3ms)[0m  CREATE TABLE `products` (`id` int(11) DEFAULT NULL auto_increment PRIMARY KEY, `category_id` int(11), `name` varchar(255), `price` decimal(2,8), `created_at` datetime NOT NULL, `updated_at` datetime NOT NULL) ENGINE=InnoDB
Mysql2::Error: For float(M,D), double(M,D) or decimal(M,D), M must be >= D (column 'price').: CREATE TABLE `products` (`id` int(11) DEFAULT NULL auto_increment PRIMARY KEY, `category_id` int(11), `name` varchar(255), `price` decimal(2,8), `created_at` datetime NOT NULL, `updated_at` datetime NOT NULL) ENGINE=InnoDB
Connecting to database specified by database.yml
  [1m[36m (0.2ms)[0m  [1mSELECT `schema_migrations`.`version` FROM `schema_migrations` [0m
Migrating to CreateCategories (20120808201238)
Migrating to CreateProducts (20120808201301)
  [1m[35m (82.4ms)[0m  CREATE TABLE `products` (`id` int(11) DEFAULT NULL auto_increment PRIMARY KEY, `category_id` int(11), `name` varchar(255), `price` int(11), `created_at` datetime NOT NULL, `updated_at` datetime NOT NULL) ENGINE=InnoDB
  [1m[36m (159.8ms)[0m  [1mCREATE INDEX `index_products_on_category_id` ON `products` (`category_id`)[0m
  [1m[35m (24.4ms)[0m  INSERT INTO `schema_migrations` (`version`) VALUES ('20120808201301')
Migrating to AddProductsCountToCategories (20120808214432)
  [1m[36m (134.5ms)[0m  [1mALTER TABLE `categories` ADD `products_count` int(11) DEFAULT 0 NOT NULL[0m
  [1m[35m (24.4ms)[0m  INSERT INTO `schema_migrations` (`version`) VALUES ('20120808214432')
Migrating to CacheProductsCount (20120808214715)
  [1m[36m (0.4ms)[0m  [1mupdate categories set products_count=(select count(*) from products where category_id=categories.id)[0m
  [1m[35m (23.3ms)[0m  INSERT INTO `schema_migrations` (`version`) VALUES ('20120808214715')
  [1m[36m (0.1ms)[0m  [1mSELECT `schema_migrations`.`version` FROM `schema_migrations` [0m
Connecting to database specified by database.yml
  [1m[36m (0.1ms)[0m  [1mSELECT `schema_migrations`.`version` FROM `schema_migrations` [0m
  [1m[35m (0.1ms)[0m  BEGIN
  [1m[36mSQL (0.2ms)[0m  [1mINSERT INTO `categories` (`created_at`, `name`, `products_count`, `updated_at`) VALUES ('2012-11-26 03:54:39', 'Electronics', 0, '2012-11-26 03:54:39')[0m
  [1m[35m (32.9ms)[0m  COMMIT
  [1m[36m (0.0ms)[0m  [1mBEGIN[0m
  [1m[35mSQL (0.1ms)[0m  INSERT INTO `categories` (`created_at`, `name`, `products_count`, `updated_at`) VALUES ('2012-11-26 03:54:39', 'Toys & Games', 0, '2012-11-26 03:54:39')
  [1m[36m (31.8ms)[0m  [1mCOMMIT[0m
  [1m[35m (0.0ms)[0m  BEGIN
  [1m[36mSQL (0.1ms)[0m  [1mINSERT INTO `categories` (`created_at`, `name`, `products_count`, `updated_at`) VALUES ('2012-11-26 03:54:39', 'Clothes', 0, '2012-11-26 03:54:39')[0m
  [1m[35m (33.4ms)[0m  COMMIT
  [1m[36m (0.0ms)[0m  [1mBEGIN[0m
  [1m[35mSQL (0.1ms)[0m  INSERT INTO `categories` (`created_at`, `name`, `products_count`, `updated_at`) VALUES ('2012-11-26 03:54:39', 'Furniture', 0, '2012-11-26 03:54:39')
  [1m[36m (32.5ms)[0m  [1mCOMMIT[0m
  [1m[35m (0.0ms)[0m  BEGIN
  [1m[36mSQL (0.1ms)[0m  [1mINSERT INTO `categories` (`created_at`, `name`, `products_count`, `updated_at`) VALUES ('2012-11-26 03:54:39', 'Foods', 0, '2012-11-26 03:54:39')[0m
  [1m[35m (32.4ms)[0m  COMMIT
  [1m[36m (0.1ms)[0m  [1mBEGIN[0m
  [1m[35mSQL (0.2ms)[0m  INSERT INTO `products` (`category_id`, `created_at`, `name`, `price`, `updated_at`) VALUES (2, '2012-11-26 03:54:39', 'Settlers of Catan', 34, '2012-11-26 03:54:39')
  [1m[36mCategory Load (0.2ms)[0m  [1mSELECT `categories`.* FROM `categories` WHERE `categories`.`id` = 2 LIMIT 1[0m
  [1m[35mSQL (0.3ms)[0m  UPDATE `categories` SET `products_count` = COALESCE(`products_count`, 0) + 1 WHERE `categories`.`id` = 2
  [1m[36m (34.0ms)[0m  [1mCOMMIT[0m
  [1m[35m (0.0ms)[0m  BEGIN
  [1m[36mSQL (0.1ms)[0m  [1mINSERT INTO `products` (`category_id`, `created_at`, `name`, `price`, `updated_at`) VALUES (3, '2012-11-26 03:54:39', 'Red Shirt', 12, '2012-11-26 03:54:39')[0m
  [1m[35mCategory Load (0.2ms)[0m  SELECT `categories`.* FROM `categories` WHERE `categories`.`id` = 3 LIMIT 1
  [1m[36mSQL (0.1ms)[0m  [1mUPDATE `categories` SET `products_count` = COALESCE(`products_count`, 0) + 1 WHERE `categories`.`id` = 3[0m
  [1m[35m (30.3ms)[0m  COMMIT
  [1m[36m (0.0ms)[0m  [1mBEGIN[0m
  [1m[35mSQL (0.1ms)[0m  INSERT INTO `products` (`category_id`, `created_at`, `name`, `price`, `updated_at`) VALUES (4, '2012-11-26 03:54:39', 'Oak Coffee Table', 223, '2012-11-26 03:54:39')
  [1m[36mCategory Load (0.2ms)[0m  [1mSELECT `categories`.* FROM `categories` WHERE `categories`.`id` = 4 LIMIT 1[0m
  [1m[35mSQL (0.1ms)[0m  UPDATE `categories` SET `products_count` = COALESCE(`products_count`, 0) + 1 WHERE `categories`.`id` = 4
  [1m[36m (31.2ms)[0m  [1mCOMMIT[0m
  [1m[35m (0.0ms)[0m  BEGIN
  [1m[36mSQL (0.1ms)[0m  [1mINSERT INTO `products` (`category_id`, `created_at`, `name`, `price`, `updated_at`) VALUES (2, '2012-11-26 03:54:39', 'Technodrome', 27, '2012-11-26 03:54:39')[0m
  [1m[35mCategory Load (0.1ms)[0m  SELECT `categories`.* FROM `categories` WHERE `categories`.`id` = 2 LIMIT 1
  [1m[36mSQL (0.1ms)[0m  [1mUPDATE `categories` SET `products_count` = COALESCE(`products_count`, 0) + 1 WHERE `categories`.`id` = 2[0m
  [1m[35m (31.2ms)[0m  COMMIT
  [1m[36m (0.0ms)[0m  [1mBEGIN[0m
  [1m[35mSQL (0.1ms)[0m  INSERT INTO `products` (`category_id`, `created_at`, `name`, `price`, `updated_at`) VALUES (5, '2012-11-26 03:54:39', 'Oh\'s Cereal', 3, '2012-11-26 03:54:39')
  [1m[36mCategory Load (0.2ms)[0m  [1mSELECT `categories`.* FROM `categories` WHERE `categories`.`id` = 5 LIMIT 1[0m
  [1m[35mSQL (0.1ms)[0m  UPDATE `categories` SET `products_count` = COALESCE(`products_count`, 0) + 1 WHERE `categories`.`id` = 5
  [1m[36m (31.1ms)[0m  [1mCOMMIT[0m
  [1m[35m (0.0ms)[0m  BEGIN
  [1m[36mSQL (0.1ms)[0m  [1mINSERT INTO `products` (`category_id`, `created_at`, `name`, `price`, `updated_at`) VALUES (2, '2012-11-26 03:54:39', 'Game Console', 299, '2012-11-26 03:54:39')[0m
  [1m[35mCategory Load (0.1ms)[0m  SELECT `categories`.* FROM `categories` WHERE `categories`.`id` = 2 LIMIT 1
  [1m[36mSQL (0.1ms)[0m  [1mUPDATE `categories` SET `products_count` = COALESCE(`products_count`, 0) + 1 WHERE `categories`.`id` = 2[0m
  [1m[35m (22.7ms)[0m  COMMIT
  [1m[36m (0.0ms)[0m  [1mBEGIN[0m
  [1m[35mSQL (0.1ms)[0m  INSERT INTO `products` (`category_id`, `created_at`, `name`, `price`, `updated_at`) VALUES (2, '2012-11-26 03:54:39', 'Video Game', 29, '2012-11-26 03:54:39')
  [1m[36mCategory Load (0.1ms)[0m  [1mSELECT `categories`.* FROM `categories` WHERE `categories`.`id` = 2 LIMIT 1[0m
  [1m[35mSQL (0.1ms)[0m  UPDATE `categories` SET `products_count` = COALESCE(`products_count`, 0) + 1 WHERE `categories`.`id` = 2
  [1m[36m (22.9ms)[0m  [1mCOMMIT[0m
  [1m[35m (0.0ms)[0m  BEGIN
  [1m[36mSQL (0.1ms)[0m  [1mINSERT INTO `products` (`category_id`, `created_at`, `name`, `price`, `updated_at`) VALUES (4, '2012-11-26 03:54:39', 'Lawn Chair', 34, '2012-11-26 03:54:39')[0m
  [1m[35mCategory Load (0.1ms)[0m  SELECT `categories`.* FROM `categories` WHERE `categories`.`id` = 4 LIMIT 1
  [1m[36mSQL (0.1ms)[0m  [1mUPDATE `categories` SET `products_count` = COALESCE(`products_count`, 0) + 1 WHERE `categories`.`id` = 4[0m
  [1m[35m (22.8ms)[0m  COMMIT
  [1m[36m (0.0ms)[0m  [1mBEGIN[0m
  [1m[35mSQL (0.1ms)[0m  INSERT INTO `products` (`category_id`, `created_at`, `name`, `price`, `updated_at`) VALUES (2, '2012-11-26 03:54:39', 'Dog Toy Bone', 2, '2012-11-26 03:54:39')
  [1m[36mCategory Load (0.1ms)[0m  [1mSELECT `categories`.* FROM `categories` WHERE `categories`.`id` = 2 LIMIT 1[0m
  [1m[35mSQL (0.1ms)[0m  UPDATE `categories` SET `products_count` = COALESCE(`products_count`, 0) + 1 WHERE `categories`.`id` = 2
  [1m[36m (22.9ms)[0m  [1mCOMMIT[0m
  [1m[35m (0.0ms)[0m  BEGIN
  [1m[36mSQL (0.1ms)[0m  [1mINSERT INTO `products` (`category_id`, `created_at`, `name`, `price`, `updated_at`) VALUES (4, '2012-11-26 03:54:39', 'Heated Blanket', 27, '2012-11-26 03:54:39')[0m
  [1m[35mCategory Load (0.2ms)[0m  SELECT `categories`.* FROM `categories` WHERE `categories`.`id` = 4 LIMIT 1
  [1m[36mSQL (0.1ms)[0m  [1mUPDATE `categories` SET `products_count` = COALESCE(`products_count`, 0) + 1 WHERE `categories`.`id` = 4[0m
  [1m[35m (22.7ms)[0m  COMMIT
  [1m[36m (0.0ms)[0m  [1mBEGIN[0m
  [1m[35mSQL (0.1ms)[0m  INSERT INTO `products` (`category_id`, `created_at`, `name`, `price`, `updated_at`) VALUES (1, '2012-11-26 03:54:39', 'Flux Capacitor', 19, '2012-11-26 03:54:39')
  [1m[36mCategory Load (0.1ms)[0m  [1mSELECT `categories`.* FROM `categories` WHERE `categories`.`id` = 1 LIMIT 1[0m
  [1m[35mSQL (0.1ms)[0m  UPDATE `categories` SET `products_count` = COALESCE(`products_count`, 0) + 1 WHERE `categories`.`id` = 1
  [1m[36m (22.7ms)[0m  [1mCOMMIT[0m
  [1m[35m (0.0ms)[0m  BEGIN
  [1m[36mSQL (0.1ms)[0m  [1mINSERT INTO `products` (`category_id`, `created_at`, `name`, `price`, `updated_at`) VALUES (5, '2012-11-26 03:54:39', 'Chocolate Pie', 3, '2012-11-26 03:54:39')[0m
  [1m[35mCategory Load (0.2ms)[0m  SELECT `categories`.* FROM `categories` WHERE `categories`.`id` = 5 LIMIT 1
  [1m[36mSQL (0.1ms)[0m  [1mUPDATE `categories` SET `products_count` = COALESCE(`products_count`, 0) + 1 WHERE `categories`.`id` = 5[0m
  [1m[35m (22.7ms)[0m  COMMIT
  [1m[36m (0.0ms)[0m  [1mBEGIN[0m
  [1m[35mSQL (0.1ms)[0m  INSERT INTO `products` (`category_id`, `created_at`, `name`, `price`, `updated_at`) VALUES (1, '2012-11-26 03:54:39', 'Acoustic Guitar', 1024, '2012-11-26 03:54:39')
  [1m[36mCategory Load (0.1ms)[0m  [1mSELECT `categories`.* FROM `categories` WHERE `categories`.`id` = 1 LIMIT 1[0m
  [1m[35mSQL (0.1ms)[0m  UPDATE `categories` SET `products_count` = COALESCE(`products_count`, 0) + 1 WHERE `categories`.`id` = 1
  [1m[36m (22.8ms)[0m  [1mCOMMIT[0m
  [1m[35m (0.0ms)[0m  BEGIN
  [1m[36mSQL (0.1ms)[0m  [1mINSERT INTO `products` (`category_id`, `created_at`, `name`, `price`, `updated_at`) VALUES (2, '2012-11-26 03:54:39', 'Model Enterprise', 27, '2012-11-26 03:54:39')[0m
  [1m[35mCategory Load (0.1ms)[0m  SELECT `categories`.* FROM `categories` WHERE `categories`.`id` = 2 LIMIT 1
  [1m[36mSQL (0.1ms)[0m  [1mUPDATE `categories` SET `products_count` = COALESCE(`products_count`, 0) + 1 WHERE `categories`.`id` = 2[0m
  [1m[35m (22.9ms)[0m  COMMIT
  [1m[36m (0.0ms)[0m  [1mBEGIN[0m
  [1m[35mSQL (0.1ms)[0m  INSERT INTO `products` (`category_id`, `created_at`, `name`, `price`, `updated_at`) VALUES (2, '2012-11-26 03:54:39', 'Agricola', 45, '2012-11-26 03:54:39')
  [1m[36mCategory Load (0.2ms)[0m  [1mSELECT `categories`.* FROM `categories` WHERE `categories`.`id` = 2 LIMIT 1[0m
  [1m[35mSQL (0.1ms)[0m  UPDATE `categories` SET `products_count` = COALESCE(`products_count`, 0) + 1 WHERE `categories`.`id` = 2
  [1m[36m (22.8ms)[0m  [1mCOMMIT[0m
  [1m[35m (0.0ms)[0m  BEGIN
  [1m[36mSQL (0.1ms)[0m  [1mINSERT INTO `products` (`category_id`, `created_at`, `name`, `price`, `updated_at`) VALUES (2, '2012-11-26 03:54:40', 'Stone Age', 34, '2012-11-26 03:54:40')[0m
  [1m[35mCategory Load (0.2ms)[0m  SELECT `categories`.* FROM `categories` WHERE `categories`.`id` = 2 LIMIT 1
  [1m[36mSQL (0.1ms)[0m  [1mUPDATE `categories` SET `products_count` = COALESCE(`products_count`, 0) + 1 WHERE `categories`.`id` = 2[0m
  [1m[35m (22.6ms)[0m  COMMIT
  [1m[36m (0.0ms)[0m  [1mBEGIN[0m
  [1m[35mSQL (0.1ms)[0m  INSERT INTO `products` (`category_id`, `created_at`, `name`, `price`, `updated_at`) VALUES (2, '2012-11-26 03:54:40', '7 Wonders', 28, '2012-11-26 03:54:40')
  [1m[36mCategory Load (0.1ms)[0m  [1mSELECT `categories`.* FROM `categories` WHERE `categories`.`id` = 2 LIMIT 1[0m
  [1m[35mSQL (0.1ms)[0m  UPDATE `categories` SET `products_count` = COALESCE(`products_count`, 0) + 1 WHERE `categories`.`id` = 2
  [1m[36m (22.9ms)[0m  [1mCOMMIT[0m
  [1m[35m (0.0ms)[0m  BEGIN
  [1m[36mSQL (0.1ms)[0m  [1mINSERT INTO `products` (`category_id`, `created_at`, `name`, `price`, `updated_at`) VALUES (2, '2012-11-26 03:54:40', 'Seafarers of Catan', 19, '2012-11-26 03:54:40')[0m
  [1m[35mCategory Load (0.1ms)[0m  SELECT `categories`.* FROM `categories` WHERE `categories`.`id` = 2 LIMIT 1
  [1m[36mSQL (0.2ms)[0m  [1mUPDATE `categories` SET `products_count` = COALESCE(`products_count`, 0) + 1 WHERE `categories`.`id` = 2[0m
  [1m[35m (22.8ms)[0m  COMMIT
  [1m[36m (0.0ms)[0m  [1mBEGIN[0m
  [1m[35mSQL (0.2ms)[0m  INSERT INTO `products` (`category_id`, `created_at`, `name`, `price`, `updated_at`) VALUES (2, '2012-11-26 03:54:40', 'Knights of Catan', 19, '2012-11-26 03:54:40')
  [1m[36mCategory Load (0.1ms)[0m  [1mSELECT `categories`.* FROM `categories` WHERE `categories`.`id` = 2 LIMIT 1[0m
  [1m[35mSQL (0.1ms)[0m  UPDATE `categories` SET `products_count` = COALESCE(`products_count`, 0) + 1 WHERE `categories`.`id` = 2
  [1m[36m (23.0ms)[0m  [1mCOMMIT[0m
  [1m[35m (0.0ms)[0m  BEGIN
  [1m[36mSQL (0.1ms)[0m  [1mINSERT INTO `products` (`category_id`, `created_at`, `name`, `price`, `updated_at`) VALUES (1, '2012-11-26 03:54:40', 'Answer to Everything', 42, '2012-11-26 03:54:40')[0m
  [1m[35mCategory Load (0.2ms)[0m  SELECT `categories`.* FROM `categories` WHERE `categories`.`id` = 1 LIMIT 1
  [1m[36mSQL (0.1ms)[0m  [1mUPDATE `categories` SET `products_count` = COALESCE(`products_count`, 0) + 1 WHERE `categories`.`id` = 1[0m
  [1m[35m (22.7ms)[0m  COMMIT
  [1m[36m (0.0ms)[0m  [1mBEGIN[0m
  [1m[35mSQL (0.1ms)[0m  INSERT INTO `products` (`category_id`, `created_at`, `name`, `price`, `updated_at`) VALUES (2, '2012-11-26 03:54:40', 'Box Kite', 63, '2012-11-26 03:54:40')
  [1m[36mCategory Load (0.2ms)[0m  [1mSELECT `categories`.* FROM `categories` WHERE `categories`.`id` = 2 LIMIT 1[0m
  [1m[35mSQL (0.1ms)[0m  UPDATE `categories` SET `products_count` = COALESCE(`products_count`, 0) + 1 WHERE `categories`.`id` = 2
  [1m[36m (22.9ms)[0m  [1mCOMMIT[0m
  [1m[35m (0.0ms)[0m  BEGIN
  [1m[36mSQL (0.1ms)[0m  [1mINSERT INTO `products` (`category_id`, `created_at`, `name`, `price`, `updated_at`) VALUES (2, '2012-11-26 03:54:40', '1000 Piece Jigsaw Puzzle', 14, '2012-11-26 03:54:40')[0m
  [1m[35mCategory Load (0.1ms)[0m  SELECT `categories`.* FROM `categories` WHERE `categories`.`id` = 2 LIMIT 1
  [1m[36mSQL (0.1ms)[0m  [1mUPDATE `categories` SET `products_count` = COALESCE(`products_count`, 0) + 1 WHERE `categories`.`id` = 2[0m
  [1m[35m (23.0ms)[0m  COMMIT
  [1m[36m (0.0ms)[0m  [1mBEGIN[0m
  [1m[35mSQL (0.1ms)[0m  INSERT INTO `products` (`category_id`, `created_at`, `name`, `price`, `updated_at`) VALUES (2, '2012-11-26 03:54:40', 'Rubber Ducky', 4, '2012-11-26 03:54:40')
  [1m[36mCategory Load (0.2ms)[0m  [1mSELECT `categories`.* FROM `categories` WHERE `categories`.`id` = 2 LIMIT 1[0m
  [1m[35mSQL (0.1ms)[0m  UPDATE `categories` SET `products_count` = COALESCE(`products_count`, 0) + 1 WHERE `categories`.`id` = 2
  [1m[36m (22.6ms)[0m  [1mCOMMIT[0m
  [1m[35m (0.1ms)[0m  BEGIN
  [1m[36mSQL (0.2ms)[0m  [1mINSERT INTO `products` (`category_id`, `created_at`, `name`, `price`, `updated_at`) VALUES (2, '2012-11-26 03:54:40', 'Unicorn Action Figure', 8, '2012-11-26 03:54:40')[0m
  [1m[35mCategory Load (0.2ms)[0m  SELECT `categories`.* FROM `categories` WHERE `categories`.`id` = 2 LIMIT 1
  [1m[36mSQL (0.1ms)[0m  [1mUPDATE `categories` SET `products_count` = COALESCE(`products_count`, 0) + 1 WHERE `categories`.`id` = 2[0m
  [1m[35m (22.0ms)[0m  COMMIT
  [1m[36m (0.0ms)[0m  [1mBEGIN[0m
  [1m[35mSQL (0.1ms)[0m  INSERT INTO `products` (`category_id`, `created_at`, `name`, `price`, `updated_at`) VALUES (4, '2012-11-26 03:54:40', 'Rack', 32, '2012-11-26 03:54:40')
  [1m[36mCategory Load (0.2ms)[0m  [1mSELECT `categories`.* FROM `categories` WHERE `categories`.`id` = 4 LIMIT 1[0m
  [1m[35mSQL (0.1ms)[0m  UPDATE `categories` SET `products_count` = COALESCE(`products_count`, 0) + 1 WHERE `categories`.`id` = 4
  [1m[36m (31.2ms)[0m  [1mCOMMIT[0m
  [1m[35m (0.0ms)[0m  BEGIN
  [1m[36mSQL (0.1ms)[0m  [1mINSERT INTO `products` (`category_id`, `created_at`, `name`, `price`, `updated_at`) VALUES (2, '2012-11-26 03:54:40', 'Model Train Rails', 45, '2012-11-26 03:54:40')[0m
  [1m[35mCategory Load (0.1ms)[0m  SELECT `categories`.* FROM `categories` WHERE `categories`.`id` = 2 LIMIT 1
  [1m[36mSQL (0.1ms)[0m  [1mUPDATE `categories` SET `products_count` = COALESCE(`products_count`, 0) + 1 WHERE `categories`.`id` = 2[0m
  [1m[35m (31.2ms)[0m  COMMIT
  [1m[36m (0.0ms)[0m  [1mBEGIN[0m
  [1m[35mSQL (0.1ms)[0m  INSERT INTO `products` (`category_id`, `created_at`, `name`, `price`, `updated_at`) VALUES (1, '2012-11-26 03:54:40', 'CanCan Music Record', 2, '2012-11-26 03:54:40')
  [1m[36mCategory Load (0.2ms)[0m  [1mSELECT `categories`.* FROM `categories` WHERE `categories`.`id` = 1 LIMIT 1[0m
  [1m[35mSQL (0.1ms)[0m  UPDATE `categories` SET `products_count` = COALESCE(`products_count`, 0) + 1 WHERE `categories`.`id` = 1
  [1m[36m (31.2ms)[0m  [1mCOMMIT[0m


Started GET "/categories/" for 127.0.0.1 at 2012-11-26 09:25:28 +0530
Connecting to database specified by database.yml
Processing by CategoriesController#index as HTML
ERROR: compiling _app_views_categories_index_html_erb__3571763851672193527_28973960 RAISED /home/cognizant/Desktop/372-bullet/store-after/app/views/categories/index.html.erb:7: unterminated regexp meets end of file
/home/cognizant/Desktop/372-bullet/store-after/app/views/categories/index.html.erb:7: syntax error, unexpected $end, expecting ')'
Function body:           def _app_views_categories_index_html_erb__3571763851672193527_28973960(local_assigns, output_buffer)
            _old_virtual_path, @virtual_path = @virtual_path, "categories/index";_old_output_buffer = @output_buffer;;@output_buffer = output_buffer || ActionView::OutputBuffer.new;@output_buffer.safe_concat('<h1>Categories</h1>

'); @categories.each do |category| 
@output_buffer.safe_concat('  <div class="category">
    <h2>');@output_buffer.append= ( link_to category.name, category );@output_buffer.safe_concat('</h2>
    ');@output_buffer.append= ( #pluralize category.products.size, "product" );@output_buffer.safe_concat('
');@output_buffer.safe_concat('  </div>
'); end 
@output_buffer.to_s
          ensure
            @virtual_path, @output_buffer = _old_virtual_path, _old_output_buffer
          end

Backtrace: /home/cognizant/.rvm/gems/ruby-1.9.2-p290/gems/actionpack-3.2.7/lib/action_view/template.rb:297:in `module_eval'
/home/cognizant/.rvm/gems/ruby-1.9.2-p290/gems/actionpack-3.2.7/lib/action_view/template.rb:297:in `compile'
/home/cognizant/.rvm/gems/ruby-1.9.2-p290/gems/actionpack-3.2.7/lib/action_view/template.rb:244:in `block in compile!'
<internal:prelude>:10:in `synchronize'
/home/cognizant/.rvm/gems/ruby-1.9.2-p290/gems/actionpack-3.2.7/lib/action_view/template.rb:232:in `compile!'
/home/cognizant/.rvm/gems/ruby-1.9.2-p290/gems/actionpack-3.2.7/lib/action_view/template.rb:144:in `block in render'
/home/cognizant/.rvm/gems/ruby-1.9.2-p290/gems/activesupport-3.2.7/lib/active_support/notifications.rb:125:in `instrument'
/home/cognizant/.rvm/gems/ruby-1.9.2-p290/gems/actionpack-3.2.7/lib/action_view/template.rb:143:in `render'
/home/cognizant/.rvm/gems/ruby-1.9.2-p290/gems/actionpack-3.2.7/lib/action_view/renderer/template_renderer.rb:47:in `block (2 levels) in render_template'
/home/cognizant/.rvm/gems/ruby-1.9.2-p290/gems/actionpack-3.2.7/lib/action_view/renderer/abstract_renderer.rb:38:in `block in instrument'
/home/cognizant/.rvm/gems/ruby-1.9.2-p290/gems/activesupport-3.2.7/lib/active_support/notifications.rb:123:in `block in instrument'
/home/cognizant/.rvm/gems/ruby-1.9.2-p290/gems/activesupport-3.2.7/lib/active_support/notifications/instrumenter.rb:20:in `instrument'
/home/cognizant/.rvm/gems/ruby-1.9.2-p290/gems/activesupport-3.2.7/lib/active_support/notifications.rb:123:in `instrument'
/home/cognizant/.rvm/gems/ruby-1.9.2-p290/gems/actionpack-3.2.7/lib/action_view/renderer/abstract_renderer.rb:38:in `instrument'
/home/cognizant/.rvm/gems/ruby-1.9.2-p290/gems/actionpack-3.2.7/lib/action_view/renderer/template_renderer.rb:46:in `block in render_template'
/home/cognizant/.rvm/gems/ruby-1.9.2-p290/gems/actionpack-3.2.7/lib/action_view/renderer/template_renderer.rb:54:in `render_with_layout'
/home/cognizant/.rvm/gems/ruby-1.9.2-p290/gems/actionpack-3.2.7/lib/action_view/renderer/template_renderer.rb:45:in `render_template'
/home/cognizant/.rvm/gems/ruby-1.9.2-p290/gems/actionpack-3.2.7/lib/action_view/renderer/template_renderer.rb:18:in `render'
/home/cognizant/.rvm/gems/ruby-1.9.2-p290/gems/actionpack-3.2.7/lib/action_view/renderer/renderer.rb:36:in `render_template'
/home/cognizant/.rvm/gems/ruby-1.9.2-p290/gems/actionpack-3.2.7/lib/action_view/renderer/renderer.rb:17:in `render'
/home/cognizant/.rvm/gems/ruby-1.9.2-p290/gems/actionpack-3.2.7/lib/abstract_controller/rendering.rb:110:in `_render_template'
/home/cognizant/.rvm/gems/ruby-1.9.2-p290/gems/actionpack-3.2.7/lib/action_controller/metal/streaming.rb:225:in `_render_template'
/home/cognizant/.rvm/gems/ruby-1.9.2-p290/gems/actionpack-3.2.7/lib/abstract_controller/rendering.rb:103:in `render_to_body'
/home/cognizant/.rvm/gems/ruby-1.9.2-p290/gems/actionpack-3.2.7/lib/action_controller/metal/renderers.rb:28:in `render_to_body'
/home/cognizant/.rvm/gems/ruby-1.9.2-p290/gems/actionpack-3.2.7/lib/action_controller/metal/compatibility.rb:50:in `render_to_body'
/home/cognizant/.rvm/gems/ruby-1.9.2-p290/gems/actionpack-3.2.7/lib/abstract_controller/rendering.rb:88:in `render'
/home/cognizant/.rvm/gems/ruby-1.9.2-p290/gems/actionpack-3.2.7/lib/action_controller/metal/rendering.rb:16:in `render'
/home/cognizant/.rvm/gems/ruby-1.9.2-p290/gems/actionpack-3.2.7/lib/action_controller/metal/instrumentation.rb:40:in `block (2 levels) in render'
/home/cognizant/.rvm/gems/ruby-1.9.2-p290/gems/activesupport-3.2.7/lib/active_support/core_ext/benchmark.rb:5:in `block in ms'
/home/cognizant/.rvm/rubies/ruby-1.9.2-p290/lib/ruby/1.9.1/benchmark.rb:310:in `realtime'
/home/cognizant/.rvm/gems/ruby-1.9.2-p290/gems/activesupport-3.2.7/lib/active_support/core_ext/benchmark.rb:5:in `ms'
/home/cognizant/.rvm/gems/ruby-1.9.2-p290/gems/actionpack-3.2.7/lib/action_controller/metal/instrumentation.rb:40:in `block in render'
/home/cognizant/.rvm/gems/ruby-1.9.2-p290/gems/actionpack-3.2.7/lib/action_controller/metal/instrumentation.rb:83:in `cleanup_view_runtime'
/home/cognizant/.rvm/gems/ruby-1.9.2-p290/gems/activerecord-3.2.7/lib/active_record/railties/controller_runtime.rb:24:in `cleanup_view_runtime'
/home/cognizant/.rvm/gems/ruby-1.9.2-p290/gems/actionpack-3.2.7/lib/action_controller/metal/instrumentation.rb:39:in `render'
/home/cognizant/.rvm/gems/ruby-1.9.2-p290/gems/actionpack-3.2.7/lib/action_controller/metal/implicit_render.rb:10:in `default_render'
/home/cognizant/.rvm/gems/ruby-1.9.2-p290/gems/actionpack-3.2.7/lib/action_controller/metal/implicit_render.rb:5:in `send_action'
/home/cognizant/.rvm/gems/ruby-1.9.2-p290/gems/actionpack-3.2.7/lib/abstract_controller/base.rb:167:in `process_action'
/home/cognizant/.rvm/gems/ruby-1.9.2-p290/gems/actionpack-3.2.7/lib/action_controller/metal/rendering.rb:10:in `process_action'
/home/cognizant/.rvm/gems/ruby-1.9.2-p290/gems/actionpack-3.2.7/lib/abstract_controller/callbacks.rb:18:in `block in process_action'
/home/cognizant/.rvm/gems/ruby-1.9.2-p290/gems/activesupport-3.2.7/lib/active_support/callbacks.rb:414:in `_run__1503576947987488538__process_action__3095827240201426680__callbacks'
/home/cognizant/.rvm/gems/ruby-1.9.2-p290/gems/activesupport-3.2.7/lib/active_support/callbacks.rb:405:in `__run_callback'
/home/cognizant/.rvm/gems/ruby-1.9.2-p290/gems/activesupport-3.2.7/lib/active_support/callbacks.rb:385:in `_run_process_action_callbacks'
/home/cognizant/.rvm/gems/ruby-1.9.2-p290/gems/activesupport-3.2.7/lib/active_support/callbacks.rb:81:in `run_callbacks'
/home/cognizant/.rvm/gems/ruby-1.9.2-p290/gems/actionpack-3.2.7/lib/abstract_controller/callbacks.rb:17:in `process_action'
/home/cognizant/.rvm/gems/ruby-1.9.2-p290/gems/actionpack-3.2.7/lib/action_controller/metal/rescue.rb:29:in `process_action'
/home/cognizant/.rvm/gems/ruby-1.9.2-p290/gems/actionpack-3.2.7/lib/action_controller/metal/instrumentation.rb:30:in `block in process_action'
/home/cognizant/.rvm/gems/ruby-1.9.2-p290/gems/activesupport-3.2.7/lib/active_support/notifications.rb:123:in `block in instrument'
/home/cognizant/.rvm/gems/ruby-1.9.2-p290/gems/activesupport-3.2.7/lib/active_support/notifications/instrumenter.rb:20:in `instrument'
/home/cognizant/.rvm/gems/ruby-1.9.2-p290/gems/activesupport-3.2.7/lib/active_support/notifications.rb:123:in `instrument'
/home/cognizant/.rvm/gems/ruby-1.9.2-p290/gems/actionpack-3.2.7/lib/action_controller/metal/instrumentation.rb:29:in `process_action'
/home/cognizant/.rvm/gems/ruby-1.9.2-p290/gems/actionpack-3.2.7/lib/action_controller/metal/params_wrapper.rb:207:in `process_action'
/home/cognizant/.rvm/gems/ruby-1.9.2-p290/gems/activerecord-3.2.7/lib/active_record/railties/controller_runtime.rb:18:in `process_action'
/home/cognizant/.rvm/gems/ruby-1.9.2-p290/gems/actionpack-3.2.7/lib/abstract_controller/base.rb:121:in `process'
/home/cognizant/.rvm/gems/ruby-1.9.2-p290/gems/actionpack-3.2.7/lib/abstract_controller/rendering.rb:45:in `process'
/home/cognizant/.rvm/gems/ruby-1.9.2-p290/gems/actionpack-3.2.7/lib/action_controller/metal.rb:203:in `dispatch'
/home/cognizant/.rvm/gems/ruby-1.9.2-p290/gems/actionpack-3.2.7/lib/action_controller/metal/rack_delegation.rb:14:in `dispatch'
/home/cognizant/.rvm/gems/ruby-1.9.2-p290/gems/actionpack-3.2.7/lib/action_controller/metal.rb:246:in `block in action'
/home/cognizant/.rvm/gems/ruby-1.9.2-p290/gems/actionpack-3.2.7/lib/action_dispatch/routing/route_set.rb:73:in `call'
/home/cognizant/.rvm/gems/ruby-1.9.2-p290/gems/actionpack-3.2.7/lib/action_dispatch/routing/route_set.rb:73:in `dispatch'
/home/cognizant/.rvm/gems/ruby-1.9.2-p290/gems/actionpack-3.2.7/lib/action_dispatch/routing/route_set.rb:36:in `call'
/home/cognizant/.rvm/gems/ruby-1.9.2-p290/gems/journey-1.0.4/lib/journey/router.rb:68:in `block in call'
/home/cognizant/.rvm/gems/ruby-1.9.2-p290/gems/journey-1.0.4/lib/journey/router.rb:56:in `each'
/home/cognizant/.rvm/gems/ruby-1.9.2-p290/gems/journey-1.0.4/lib/journey/router.rb:56:in `call'
/home/cognizant/.rvm/gems/ruby-1.9.2-p290/gems/actionpack-3.2.7/lib/action_dispatch/routing/route_set.rb:600:in `call'
/home/cognizant/.rvm/gems/ruby-1.9.2-p290/gems/bullet-4.1.5/lib/bullet/rack.rb:11:in `call'
/home/cognizant/.rvm/gems/ruby-1.9.2-p290/gems/actionpack-3.2.7/lib/action_dispatch/middleware/best_standards_support.rb:17:in `call'
/home/cognizant/.rvm/gems/ruby-1.9.2-p290/gems/rack-1.4.1/lib/rack/etag.rb:23:in `call'
/home/cognizant/.rvm/gems/ruby-1.9.2-p290/gems/rack-1.4.1/lib/rack/conditionalget.rb:25:in `call'
/home/cognizant/.rvm/gems/ruby-1.9.2-p290/gems/actionpack-3.2.7/lib/action_dispatch/middleware/head.rb:14:in `call'
/home/cognizant/.rvm/gems/ruby-1.9.2-p290/gems/actionpack-3.2.7/lib/action_dispatch/middleware/params_parser.rb:21:in `call'
/home/cognizant/.rvm/gems/ruby-1.9.2-p290/gems/actionpack-3.2.7/lib/action_dispatch/middleware/flash.rb:242:in `call'
/home/cognizant/.rvm/gems/ruby-1.9.2-p290/gems/rack-1.4.1/lib/rack/session/abstract/id.rb:205:in `context'
/home/cognizant/.rvm/gems/ruby-1.9.2-p290/gems/rack-1.4.1/lib/rack/session/abstract/id.rb:200:in `call'
/home/cognizant/.rvm/gems/ruby-1.9.2-p290/gems/actionpack-3.2.7/lib/action_dispatch/middleware/cookies.rb:338:in `call'
/home/cognizant/.rvm/gems/ruby-1.9.2-p290/gems/activerecord-3.2.7/lib/active_record/query_cache.rb:64:in `call'
/home/cognizant/.rvm/gems/ruby-1.9.2-p290/gems/activerecord-3.2.7/lib/active_record/connection_adapters/abstract/connection_pool.rb:473:in `call'
/home/cognizant/.rvm/gems/ruby-1.9.2-p290/gems/actionpack-3.2.7/lib/action_dispatch/middleware/callbacks.rb:28:in `block in call'
/home/cognizant/.rvm/gems/ruby-1.9.2-p290/gems/activesupport-3.2.7/lib/active_support/callbacks.rb:405:in `_run__394683865095389623__call__3949808601094340247__callbacks'
/home/cognizant/.rvm/gems/ruby-1.9.2-p290/gems/activesupport-3.2.7/lib/active_support/callbacks.rb:405:in `__run_callback'
/home/cognizant/.rvm/gems/ruby-1.9.2-p290/gems/activesupport-3.2.7/lib/active_support/callbacks.rb:385:in `_run_call_callbacks'
/home/cognizant/.rvm/gems/ruby-1.9.2-p290/gems/activesupport-3.2.7/lib/active_support/callbacks.rb:81:in `run_callbacks'
/home/cognizant/.rvm/gems/ruby-1.9.2-p290/gems/actionpack-3.2.7/lib/action_dispatch/middleware/callbacks.rb:27:in `call'
/home/cognizant/.rvm/gems/ruby-1.9.2-p290/gems/actionpack-3.2.7/lib/action_dispatch/middleware/reloader.rb:65:in `call'
/home/cognizant/.rvm/gems/ruby-1.9.2-p290/gems/actionpack-3.2.7/lib/action_dispatch/middleware/remote_ip.rb:31:in `call'
/home/cognizant/.rvm/gems/ruby-1.9.2-p290/gems/actionpack-3.2.7/lib/action_dispatch/middleware/debug_exceptions.rb:16:in `call'
/home/cognizant/.rvm/gems/ruby-1.9.2-p290/gems/actionpack-3.2.7/lib/action_dispatch/middleware/show_exceptions.rb:56:in `call'
/home/cognizant/.rvm/gems/ruby-1.9.2-p290/gems/railties-3.2.7/lib/rails/rack/logger.rb:26:in `call_app'
/home/cognizant/.rvm/gems/ruby-1.9.2-p290/gems/railties-3.2.7/lib/rails/rack/logger.rb:16:in `call'
/home/cognizant/.rvm/gems/ruby-1.9.2-p290/gems/actionpack-3.2.7/lib/action_dispatch/middleware/request_id.rb:22:in `call'
/home/cognizant/.rvm/gems/ruby-1.9.2-p290/gems/rack-1.4.1/lib/rack/methodoverride.rb:21:in `call'
/home/cognizant/.rvm/gems/ruby-1.9.2-p290/gems/rack-1.4.1/lib/rack/runtime.rb:17:in `call'
/home/cognizant/.rvm/gems/ruby-1.9.2-p290/gems/activesupport-3.2.7/lib/active_support/cache/strategy/local_cache.rb:72:in `call'
/home/cognizant/.rvm/gems/ruby-1.9.2-p290/gems/rack-1.4.1/lib/rack/lock.rb:15:in `call'
/home/cognizant/.rvm/gems/ruby-1.9.2-p290/gems/actionpack-3.2.7/lib/action_dispatch/middleware/static.rb:62:in `call'
/home/cognizant/.rvm/gems/ruby-1.9.2-p290/gems/railties-3.2.7/lib/rails/engine.rb:479:in `call'
/home/cognizant/.rvm/gems/ruby-1.9.2-p290/gems/railties-3.2.7/lib/rails/application.rb:220:in `call'
/home/cognizant/.rvm/gems/ruby-1.9.2-p290/gems/rack-1.4.1/lib/rack/content_length.rb:14:in `call'
/home/cognizant/.rvm/gems/ruby-1.9.2-p290/gems/railties-3.2.7/lib/rails/rack/log_tailer.rb:17:in `call'
/home/cognizant/.rvm/gems/ruby-1.9.2-p290/gems/rack-1.4.1/lib/rack/handler/webrick.rb:59:in `service'
/home/cognizant/.rvm/rubies/ruby-1.9.2-p290/lib/ruby/1.9.1/webrick/httpserver.rb:111:in `service'
/home/cognizant/.rvm/rubies/ruby-1.9.2-p290/lib/ruby/1.9.1/webrick/httpserver.rb:70:in `run'
/home/cognizant/.rvm/rubies/ruby-1.9.2-p290/lib/ruby/1.9.1/webrick/server.rb:183:in `block in start_thread'
  Rendered categories/index.html.erb within layouts/application (15.6ms)
Completed 500 Internal Server Error in 69ms

ActionView::Template::Error (/home/cognizant/Desktop/372-bullet/store-after/app/views/categories/index.html.erb:7: unterminated regexp meets end of file
/home/cognizant/Desktop/372-bullet/store-after/app/views/categories/index.html.erb:7: syntax error, unexpected $end, expecting ')'):
    4:   <div class="category">
    5:     <h2><%= link_to category.name, category %></h2>
    6:     <%= #pluralize category.products.size, "product" %>
    7:   </div>
    8: <% end %>
  actionpack (3.2.7) lib/action_view/template.rb:297:in `module_eval'
  actionpack (3.2.7) lib/action_view/template.rb:297:in `compile'
  actionpack (3.2.7) lib/action_view/template.rb:244:in `block in compile!'
  <internal:prelude>:10:in `synchronize'
  actionpack (3.2.7) lib/action_view/template.rb:232:in `compile!'
  actionpack (3.2.7) lib/action_view/template.rb:144:in `block in render'
  activesupport (3.2.7) lib/active_support/notifications.rb:125:in `instrument'
  actionpack (3.2.7) lib/action_view/template.rb:143:in `render'
  actionpack (3.2.7) lib/action_view/renderer/template_renderer.rb:47:in `block (2 levels) in render_template'
  actionpack (3.2.7) lib/action_view/renderer/abstract_renderer.rb:38:in `block in instrument'
  activesupport (3.2.7) lib/active_support/notifications.rb:123:in `block in instrument'
  activesupport (3.2.7) lib/active_support/notifications/instrumenter.rb:20:in `instrument'
  activesupport (3.2.7) lib/active_support/notifications.rb:123:in `instrument'
  actionpack (3.2.7) lib/action_view/renderer/abstract_renderer.rb:38:in `instrument'
  actionpack (3.2.7) lib/action_view/renderer/template_renderer.rb:46:in `block in render_template'
  actionpack (3.2.7) lib/action_view/renderer/template_renderer.rb:54:in `render_with_layout'
  actionpack (3.2.7) lib/action_view/renderer/template_renderer.rb:45:in `render_template'
  actionpack (3.2.7) lib/action_view/renderer/template_renderer.rb:18:in `render'
  actionpack (3.2.7) lib/action_view/renderer/renderer.rb:36:in `render_template'
  actionpack (3.2.7) lib/action_view/renderer/renderer.rb:17:in `render'
  actionpack (3.2.7) lib/abstract_controller/rendering.rb:110:in `_render_template'
  actionpack (3.2.7) lib/action_controller/metal/streaming.rb:225:in `_render_template'
  actionpack (3.2.7) lib/abstract_controller/rendering.rb:103:in `render_to_body'
  actionpack (3.2.7) lib/action_controller/metal/renderers.rb:28:in `render_to_body'
  actionpack (3.2.7) lib/action_controller/metal/compatibility.rb:50:in `render_to_body'
  actionpack (3.2.7) lib/abstract_controller/rendering.rb:88:in `render'
  actionpack (3.2.7) lib/action_controller/metal/rendering.rb:16:in `render'
  actionpack (3.2.7) lib/action_controller/metal/instrumentation.rb:40:in `block (2 levels) in render'
  activesupport (3.2.7) lib/active_support/core_ext/benchmark.rb:5:in `block in ms'
  /home/cognizant/.rvm/rubies/ruby-1.9.2-p290/lib/ruby/1.9.1/benchmark.rb:310:in `realtime'
  activesupport (3.2.7) lib/active_support/core_ext/benchmark.rb:5:in `ms'
  actionpack (3.2.7) lib/action_controller/metal/instrumentation.rb:40:in `block in render'
  actionpack (3.2.7) lib/action_controller/metal/instrumentation.rb:83:in `cleanup_view_runtime'
  activerecord (3.2.7) lib/active_record/railties/controller_runtime.rb:24:in `cleanup_view_runtime'
  actionpack (3.2.7) lib/action_controller/metal/instrumentation.rb:39:in `render'
  actionpack (3.2.7) lib/action_controller/metal/implicit_render.rb:10:in `default_render'
  actionpack (3.2.7) lib/action_controller/metal/implicit_render.rb:5:in `send_action'
  actionpack (3.2.7) lib/abstract_controller/base.rb:167:in `process_action'
  actionpack (3.2.7) lib/action_controller/metal/rendering.rb:10:in `process_action'
  actionpack (3.2.7) lib/abstract_controller/callbacks.rb:18:in `block in process_action'
  activesupport (3.2.7) lib/active_support/callbacks.rb:414:in `_run__1503576947987488538__process_action__3095827240201426680__callbacks'
  activesupport (3.2.7) lib/active_support/callbacks.rb:405:in `__run_callback'
  activesupport (3.2.7) lib/active_support/callbacks.rb:385:in `_run_process_action_callbacks'
  activesupport (3.2.7) lib/active_support/callbacks.rb:81:in `run_callbacks'
  actionpack (3.2.7) lib/abstract_controller/callbacks.rb:17:in `process_action'
  actionpack (3.2.7) lib/action_controller/metal/rescue.rb:29:in `process_action'
  actionpack (3.2.7) lib/action_controller/metal/instrumentation.rb:30:in `block in process_action'
  activesupport (3.2.7) lib/active_support/notifications.rb:123:in `block in instrument'
  activesupport (3.2.7) lib/active_support/notifications/instrumenter.rb:20:in `instrument'
  activesupport (3.2.7) lib/active_support/notifications.rb:123:in `instrument'
  actionpack (3.2.7) lib/action_controller/metal/instrumentation.rb:29:in `process_action'
  actionpack (3.2.7) lib/action_controller/metal/params_wrapper.rb:207:in `process_action'
  activerecord (3.2.7) lib/active_record/railties/controller_runtime.rb:18:in `process_action'
  actionpack (3.2.7) lib/abstract_controller/base.rb:121:in `process'
  actionpack (3.2.7) lib/abstract_controller/rendering.rb:45:in `process'
  actionpack (3.2.7) lib/action_controller/metal.rb:203:in `dispatch'
  actionpack (3.2.7) lib/action_controller/metal/rack_delegation.rb:14:in `dispatch'
  actionpack (3.2.7) lib/action_controller/metal.rb:246:in `block in action'
  actionpack (3.2.7) lib/action_dispatch/routing/route_set.rb:73:in `call'
  actionpack (3.2.7) lib/action_dispatch/routing/route_set.rb:73:in `dispatch'
  actionpack (3.2.7) lib/action_dispatch/routing/route_set.rb:36:in `call'
  journey (1.0.4) lib/journey/router.rb:68:in `block in call'
  journey (1.0.4) lib/journey/router.rb:56:in `each'
  journey (1.0.4) lib/journey/router.rb:56:in `call'
  actionpack (3.2.7) lib/action_dispatch/routing/route_set.rb:600:in `call'
  bullet (4.1.5) lib/bullet/rack.rb:11:in `call'
  actionpack (3.2.7) lib/action_dispatch/middleware/best_standards_support.rb:17:in `call'
  rack (1.4.1) lib/rack/etag.rb:23:in `call'
  rack (1.4.1) lib/rack/conditionalget.rb:25:in `call'
  actionpack (3.2.7) lib/action_dispatch/middleware/head.rb:14:in `call'
  actionpack (3.2.7) lib/action_dispatch/middleware/params_parser.rb:21:in `call'
  actionpack (3.2.7) lib/action_dispatch/middleware/flash.rb:242:in `call'
  rack (1.4.1) lib/rack/session/abstract/id.rb:205:in `context'
  rack (1.4.1) lib/rack/session/abstract/id.rb:200:in `call'
  actionpack (3.2.7) lib/action_dispatch/middleware/cookies.rb:338:in `call'
  activerecord (3.2.7) lib/active_record/query_cache.rb:64:in `call'
  activerecord (3.2.7) lib/active_record/connection_adapters/abstract/connection_pool.rb:473:in `call'
  actionpack (3.2.7) lib/action_dispatch/middleware/callbacks.rb:28:in `block in call'
  activesupport (3.2.7) lib/active_support/callbacks.rb:405:in `_run__394683865095389623__call__3949808601094340247__callbacks'
  activesupport (3.2.7) lib/active_support/callbacks.rb:405:in `__run_callback'
  activesupport (3.2.7) lib/active_support/callbacks.rb:385:in `_run_call_callbacks'
  activesupport (3.2.7) lib/active_support/callbacks.rb:81:in `run_callbacks'
  actionpack (3.2.7) lib/action_dispatch/middleware/callbacks.rb:27:in `call'
  actionpack (3.2.7) lib/action_dispatch/middleware/reloader.rb:65:in `call'
  actionpack (3.2.7) lib/action_dispatch/middleware/remote_ip.rb:31:in `call'
  actionpack (3.2.7) lib/action_dispatch/middleware/debug_exceptions.rb:16:in `call'
  actionpack (3.2.7) lib/action_dispatch/middleware/show_exceptions.rb:56:in `call'
  railties (3.2.7) lib/rails/rack/logger.rb:26:in `call_app'
  railties (3.2.7) lib/rails/rack/logger.rb:16:in `call'
  actionpack (3.2.7) lib/action_dispatch/middleware/request_id.rb:22:in `call'
  rack (1.4.1) lib/rack/methodoverride.rb:21:in `call'
  rack (1.4.1) lib/rack/runtime.rb:17:in `call'
  activesupport (3.2.7) lib/active_support/cache/strategy/local_cache.rb:72:in `call'
  rack (1.4.1) lib/rack/lock.rb:15:in `call'
  actionpack (3.2.7) lib/action_dispatch/middleware/static.rb:62:in `call'
  railties (3.2.7) lib/rails/engine.rb:479:in `call'
  railties (3.2.7) lib/rails/application.rb:220:in `call'
  rack (1.4.1) lib/rack/content_length.rb:14:in `call'
  railties (3.2.7) lib/rails/rack/log_tailer.rb:17:in `call'
  rack (1.4.1) lib/rack/handler/webrick.rb:59:in `service'
  /home/cognizant/.rvm/rubies/ruby-1.9.2-p290/lib/ruby/1.9.1/webrick/httpserver.rb:111:in `service'
  /home/cognizant/.rvm/rubies/ruby-1.9.2-p290/lib/ruby/1.9.1/webrick/httpserver.rb:70:in `run'
  /home/cognizant/.rvm/rubies/ruby-1.9.2-p290/lib/ruby/1.9.1/webrick/server.rb:183:in `block in start_thread'


  Rendered /home/cognizant/.rvm/gems/ruby-1.9.2-p290/gems/actionpack-3.2.7/lib/action_dispatch/middleware/templates/rescues/_trace.erb (2.9ms)
  Rendered /home/cognizant/.rvm/gems/ruby-1.9.2-p290/gems/actionpack-3.2.7/lib/action_dispatch/middleware/templates/rescues/_request_and_response.erb (1.0ms)
  Rendered /home/cognizant/.rvm/gems/ruby-1.9.2-p290/gems/actionpack-3.2.7/lib/action_dispatch/middleware/templates/rescues/template_error.erb within rescues/layout (18.5ms)


Started GET "/categories/" for 127.0.0.1 at 2012-11-26 09:26:07 +0530
Processing by CategoriesController#index as HTML
  [1m[36mCategory Load (0.2ms)[0m  [1mSELECT `categories`.* FROM `categories` ORDER BY name[0m
  [1m[35mProduct Load (0.3ms)[0m  SELECT `products`.* FROM `products` WHERE `products`.`category_id` IN (3, 1, 5, 4, 2)
  Rendered categories/index.html.erb within layouts/application (102.4ms)
Compiled categories.css  (33ms)  (pid 3432)
Compiled layout.css  (8ms)  (pid 3432)
Compiled application.css  (82ms)  (pid 3432)
Compiled jquery.js  (1ms)  (pid 3432)
Compiled jquery_ujs.js  (0ms)  (pid 3432)
Compiled application.js  (74ms)  (pid 3432)
Completed 200 OK in 290ms (Views: 287.4ms | ActiveRecord: 1.8ms)


Started GET "/assets/application.css?body=1" for 127.0.0.1 at 2012-11-26 09:26:07 +0530
Served asset /application.css - 200 OK (7ms)


Started GET "/assets/jquery_ujs.js?body=1" for 127.0.0.1 at 2012-11-26 09:26:07 +0530
Served asset /jquery_ujs.js - 200 OK (1ms)


Started GET "/assets/jquery.js?body=1" for 127.0.0.1 at 2012-11-26 09:26:07 +0530
Served asset /jquery.js - 200 OK (3ms)


Started GET "/assets/application.js?body=1" for 127.0.0.1 at 2012-11-26 09:26:07 +0530
Served asset /application.js - 200 OK (4ms)


Started GET "/assets/categories.css?body=1" for 127.0.0.1 at 2012-11-26 09:26:07 +0530
Served asset /categories.css - 200 OK (3ms)


Started GET "/assets/layout.css?body=1" for 127.0.0.1 at 2012-11-26 09:26:07 +0530
Served asset /layout.css - 200 OK (1ms)


Started GET "/categories/" for 127.0.0.1 at 2012-11-26 09:26:43 +0530
Processing by CategoriesController#index as HTML
  [1m[36mCategory Load (0.1ms)[0m  [1mSELECT `categories`.* FROM `categories` ORDER BY name[0m
  [1m[35mProduct Load (0.1ms)[0m  SELECT `products`.* FROM `products` WHERE `products`.`category_id` IN (3, 1, 5, 4, 2)
  Rendered categories/index.html.erb within layouts/application (6.8ms)
Completed 200 OK in 12ms (Views: 11.5ms | ActiveRecord: 0.2ms)


Started GET "/assets/application.css?body=1" for 127.0.0.1 at 2012-11-26 09:26:43 +0530
Served asset /application.css - 304 Not Modified (4ms)


Started GET "/assets/categories.css?body=1" for 127.0.0.1 at 2012-11-26 09:26:43 +0530
Served asset /categories.css - 304 Not Modified (0ms)


Started GET "/assets/layout.css?body=1" for 127.0.0.1 at 2012-11-26 09:26:43 +0530
Served asset /layout.css - 304 Not Modified (0ms)


Started GET "/assets/jquery.js?body=1" for 127.0.0.1 at 2012-11-26 09:26:43 +0530
Served asset /jquery.js - 304 Not Modified (0ms)


Started GET "/assets/application.js?body=1" for 127.0.0.1 at 2012-11-26 09:26:43 +0530
Served asset /application.js - 304 Not Modified (1ms)


Started GET "/assets/jquery_ujs.js?body=1" for 127.0.0.1 at 2012-11-26 09:26:43 +0530
Served asset /jquery_ujs.js - 304 Not Modified (0ms)


Started GET "/categories/" for 127.0.0.1 at 2012-11-26 09:26:58 +0530
Processing by CategoriesController#index as HTML
  [1m[36mCategory Load (0.0ms)[0m  [1mSELECT `categories`.* FROM `categories` ORDER BY name[0m
  Rendered categories/index.html.erb within layouts/application (13.7ms)
Completed 200 OK in 19ms (Views: 17.7ms | ActiveRecord: 0.7ms)


Started GET "/assets/categories.css?body=1" for 127.0.0.1 at 2012-11-26 09:26:58 +0530
Served asset /categories.css - 304 Not Modified (0ms)


Started GET "/assets/application.js?body=1" for 127.0.0.1 at 2012-11-26 09:26:58 +0530
Served asset /application.js - 304 Not Modified (1ms)


Started GET "/assets/jquery_ujs.js?body=1" for 127.0.0.1 at 2012-11-26 09:26:58 +0530
Served asset /jquery_ujs.js - 304 Not Modified (49ms)


Started GET "/assets/layout.css?body=1" for 127.0.0.1 at 2012-11-26 09:26:58 +0530
Served asset /layout.css - 304 Not Modified (0ms)


Started GET "/assets/jquery.js?body=1" for 127.0.0.1 at 2012-11-26 09:26:58 +0530
Served asset /jquery.js - 304 Not Modified (0ms)


Started GET "/assets/application.css?body=1" for 127.0.0.1 at 2012-11-26 09:26:58 +0530
Served asset /application.css - 304 Not Modified (0ms)


Started GET "/categories/" for 127.0.0.1 at 2012-11-26 09:26:59 +0530
Processing by CategoriesController#index as HTML
  [1m[35mCategory Load (0.1ms)[0m  SELECT `categories`.* FROM `categories` ORDER BY name
  Rendered categories/index.html.erb within layouts/application (3.9ms)
Completed 200 OK in 8ms (Views: 8.0ms | ActiveRecord: 0.1ms)


Started GET "/assets/application.css?body=1" for 127.0.0.1 at 2012-11-26 09:26:59 +0530
Served asset /application.css - 304 Not Modified (0ms)


Started GET "/assets/categories.css?body=1" for 127.0.0.1 at 2012-11-26 09:26:59 +0530
Served asset /categories.css - 304 Not Modified (0ms)


Started GET "/assets/jquery_ujs.js?body=1" for 127.0.0.1 at 2012-11-26 09:26:59 +0530
Served asset /jquery_ujs.js - 304 Not Modified (0ms)


Started GET "/assets/layout.css?body=1" for 127.0.0.1 at 2012-11-26 09:26:59 +0530
Served asset /layout.css - 304 Not Modified (0ms)


Started GET "/assets/application.js?body=1" for 127.0.0.1 at 2012-11-26 09:26:59 +0530
Served asset /application.js - 304 Not Modified (1ms)


Started GET "/assets/jquery.js?body=1" for 127.0.0.1 at 2012-11-26 09:26:59 +0530
Served asset /jquery.js - 304 Not Modified (1ms)


Started GET "/categories/" for 127.0.0.1 at 2012-11-26 09:27:20 +0530
Connecting to database specified by database.yml
Processing by CategoriesController#index as HTML
  [1m[36mCategory Load (0.0ms)[0m  [1mSELECT `categories`.* FROM `categories` ORDER BY name[0m
  Rendered categories/index.html.erb within layouts/application (80.5ms)
Completed 200 OK in 149ms (Views: 147.7ms | ActiveRecord: 0.7ms)


Started GET "/assets/application.css?body=1" for 127.0.0.1 at 2012-11-26 09:27:21 +0530
Served asset /application.css - 200 OK (4ms)


Started GET "/assets/jquery.js?body=1" for 127.0.0.1 at 2012-11-26 09:27:21 +0530
Served asset /jquery.js - 200 OK (6ms)


Started GET "/assets/layout.css?body=1" for 127.0.0.1 at 2012-11-26 09:27:21 +0530
Served asset /layout.css - 200 OK (1ms)


Started GET "/assets/categories.css?body=1" for 127.0.0.1 at 2012-11-26 09:27:21 +0530
Served asset /categories.css - 200 OK (2ms)


Started GET "/assets/jquery_ujs.js?body=1" for 127.0.0.1 at 2012-11-26 09:27:21 +0530
Served asset /jquery_ujs.js - 200 OK (2ms)


Started GET "/assets/application.js?body=1" for 127.0.0.1 at 2012-11-26 09:27:21 +0530
Served asset /application.js - 200 OK (5ms)


Started GET "/categories/" for 127.0.0.1 at 2012-11-26 09:28:41 +0530
Connecting to database specified by database.yml
Processing by CategoriesController#index as HTML
  [1m[36mCategory Load (0.0ms)[0m  [1mSELECT `categories`.* FROM `categories` ORDER BY name[0m
  [1m[35mProduct Load (0.0ms)[0m  SELECT `products`.* FROM `products` WHERE `products`.`category_id` IN (3, 1, 5, 4, 2)
  Rendered categories/index.html.erb within layouts/application (129.1ms)
Completed 200 OK in 198ms (Views: 195.4ms | ActiveRecord: 1.5ms)


Started GET "/assets/application.css?body=1" for 127.0.0.1 at 2012-11-26 09:28:42 +0530
Served asset /application.css - 200 OK (4ms)


Started GET "/assets/categories.css?body=1" for 127.0.0.1 at 2012-11-26 09:28:42 +0530
Served asset /categories.css - 200 OK (1ms)


Started GET "/assets/layout.css?body=1" for 127.0.0.1 at 2012-11-26 09:28:42 +0530
Served asset /layout.css - 200 OK (1ms)


Started GET "/assets/application.js?body=1" for 127.0.0.1 at 2012-11-26 09:28:42 +0530
Served asset /application.js - 200 OK (5ms)


Started GET "/assets/jquery_ujs.js?body=1" for 127.0.0.1 at 2012-11-26 09:28:42 +0530
Served asset /jquery_ujs.js - 200 OK (1ms)


Started GET "/assets/jquery.js?body=1" for 127.0.0.1 at 2012-11-26 09:28:42 +0530
Served asset /jquery.js - 200 OK (4ms)
